  [4;36;1mSQL (0.2ms)[0m   [0;1mSET SQL_AUTO_IS_NULL=0[0m
  [4;35;1mSQL (0.3ms)[0m   [0mSHOW TABLES[0m
  [4;36;1mSQL (132.3ms)[0m   [0;1mCREATE TABLE `schema_migrations` (`version` varchar(255) NOT NULL) ENGINE=InnoDB[0m
  [4;35;1mSQL (32.8ms)[0m   [0mCREATE UNIQUE INDEX `unique_schema_migrations` ON `schema_migrations` (`version`)[0m
  [4;36;1mSQL (0.3ms)[0m   [0;1mSHOW TABLES[0m
  [4;35;1mSQL (13.3ms)[0m   [0mSELECT version FROM schema_migrations[0m
Migrating to CreateWorkspaces (20090409074903)
  [4;36;1mSQL (1.4ms)[0m   [0;1mCREATE TABLE `workspaces` (`id` int(11) DEFAULT NULL auto_increment PRIMARY KEY, `name` varchar(255), `description` text, `created_at` datetime, `updated_at` datetime) ENGINE=InnoDB[0m
  [4;35;1mSQL (0.4ms)[0m   [0mINSERT INTO schema_migrations (version) VALUES ('20090409074903')[0m
  [4;36;1mSQL (0.4ms)[0m   [0;1mSHOW TABLES[0m
  [4;35;1mSQL (0.2ms)[0m   [0mSELECT version FROM schema_migrations[0m
  [4;36;1mSQL (0.3ms)[0m   [0;1mSHOW TABLES[0m
  [4;35;1mSQL (23.0ms)[0m   [0mSHOW FIELDS FROM `workspaces`[0m
  [4;36;1mSQL (1.2ms)[0m   [0;1mdescribe `workspaces`[0m
  [4;35;1mSQL (0.3ms)[0m   [0mSHOW KEYS FROM `workspaces`[0m
  [4;36;1mSQL (0.1ms)[0m   [0;1mSET SQL_AUTO_IS_NULL=0[0m
  [4;35;1mSQL (0.3ms)[0m   [0mSHOW TABLES[0m
  [4;36;1mSQL (0.2ms)[0m   [0;1mSELECT version FROM schema_migrations[0m
Migrating to CreateWorkspaces (20090409074903)
Migrating to CreateProjects (20090409084514)
  [4;35;1mSQL (12.6ms)[0m   [0mCREATE TABLE `projects` (`id` int(11) DEFAULT NULL auto_increment PRIMARY KEY, `name` varchar(255), `created_at` datetime, `updated_at` datetime) ENGINE=InnoDB[0m
  [4;36;1mSQL (0.5ms)[0m   [0;1mINSERT INTO schema_migrations (version) VALUES ('20090409084514')[0m
Migrating to CreateEntries (20090409094035)
  [4;36;1mSQL (0.1ms)[0m   [0;1mSET SQL_AUTO_IS_NULL=0[0m
  [4;35;1mSQL (0.3ms)[0m   [0mSHOW TABLES[0m
  [4;36;1mSQL (0.2ms)[0m   [0;1mSELECT version FROM schema_migrations[0m
Migrating to CreateWorkspaces (20090409074903)
Migrating to CreateProjects (20090409084514)
Migrating to CreateEntries (20090409094035)
  [4;35;1mSQL (12.4ms)[0m   [0mCREATE TABLE `entries` (`id` int(11) DEFAULT NULL auto_increment PRIMARY KEY, `note_body` text, `note_title` varchar(255), `task_description` text, `task_due_at` datetime, `task_completed_at` datetime, `type_id_id` int(11), `project_id` int(11), `created_at` datetime, `updated_at` datetime) ENGINE=InnoDB[0m
  [4;36;1mSQL (0.4ms)[0m   [0;1mINSERT INTO schema_migrations (version) VALUES ('20090409094035')[0m
Migrating to CreateWorkspacesEntries (20090409185502)
  [4;35;1mSQL (5.7ms)[0m   [0mCREATE TABLE `workspaces_entries` (`id` int(11) DEFAULT NULL auto_increment PRIMARY KEY, `workspace_id` int(11), `entry_id` int(11)) ENGINE=InnoDB[0m
  [4;36;1mSQL (0.4ms)[0m   [0;1mINSERT INTO schema_migrations (version) VALUES ('20090409185502')[0m
Migrating to CreateTypes (20090409191438)
  [4;35;1mSQL (1.5ms)[0m   [0mCREATE TABLE `types` (`id` int(11) DEFAULT NULL auto_increment PRIMARY KEY, `name` varchar(255)) ENGINE=InnoDB[0m
  [4;36;1mSQL (0.4ms)[0m   [0;1mINSERT INTO schema_migrations (version) VALUES ('20090409191438')[0m
  [4;35;1mSQL (0.4ms)[0m   [0mSHOW TABLES[0m
  [4;36;1mSQL (0.2ms)[0m   [0;1mSELECT version FROM schema_migrations[0m
  [4;35;1mSQL (0.3ms)[0m   [0mSHOW TABLES[0m
  [4;36;1mSQL (1.6ms)[0m   [0;1mSHOW FIELDS FROM `entries`[0m
  [4;35;1mSQL (2.0ms)[0m   [0mdescribe `entries`[0m
  [4;36;1mSQL (0.2ms)[0m   [0;1mSHOW KEYS FROM `entries`[0m
  [4;35;1mSQL (1.2ms)[0m   [0mSHOW FIELDS FROM `projects`[0m
  [4;36;1mSQL (1.1ms)[0m   [0;1mdescribe `projects`[0m
  [4;35;1mSQL (0.3ms)[0m   [0mSHOW KEYS FROM `projects`[0m
  [4;36;1mSQL (1.0ms)[0m   [0;1mSHOW FIELDS FROM `types`[0m
  [4;35;1mSQL (1.1ms)[0m   [0mdescribe `types`[0m
  [4;36;1mSQL (0.2ms)[0m   [0;1mSHOW KEYS FROM `types`[0m
  [4;35;1mSQL (1.1ms)[0m   [0mSHOW FIELDS FROM `workspaces`[0m
  [4;36;1mSQL (1.4ms)[0m   [0;1mdescribe `workspaces`[0m
  [4;35;1mSQL (0.3ms)[0m   [0mSHOW KEYS FROM `workspaces`[0m
  [4;36;1mSQL (1.2ms)[0m   [0;1mSHOW FIELDS FROM `workspaces_entries`[0m
  [4;35;1mSQL (1.0ms)[0m   [0mdescribe `workspaces_entries`[0m
  [4;36;1mSQL (0.2ms)[0m   [0;1mSHOW KEYS FROM `workspaces_entries`[0m
  [4;36;1mSQL (0.1ms)[0m   [0;1mSET SQL_AUTO_IS_NULL=0[0m
  [4;35;1mSQL (0.3ms)[0m   [0mSHOW TABLES[0m
  [4;36;1mSQL (0.2ms)[0m   [0;1mSELECT version FROM schema_migrations[0m
Migrating to CreateWorkspaces (20090409074903)
Migrating to CreateProjects (20090409084514)
Migrating to CreateEntries (20090409094035)
Migrating to CreateWorkspacesEntries (20090409185502)
Migrating to CreateTypes (20090409191438)
Migrating to RenameTypeIdIdInEntries (20090409225614)
  [4;35;1mSQL (1.5ms)[0m   [0mSHOW FIELDS FROM `entries`[0m
  [4;36;1mSQL (1.0ms)[0m   [0;1mSHOW COLUMNS FROM `entries` LIKE 'type_id_id'[0m
  [4;35;1mSQL (50.9ms)[0m   [0mALTER TABLE `entries` CHANGE `type_id_id` `type_id` int(11) DEFAULT NULL[0m
  [4;36;1mSQL (0.4ms)[0m   [0;1mINSERT INTO schema_migrations (version) VALUES ('20090409225614')[0m
  [4;35;1mSQL (0.4ms)[0m   [0mSHOW TABLES[0m
  [4;36;1mSQL (0.2ms)[0m   [0;1mSELECT version FROM schema_migrations[0m
  [4;35;1mSQL (0.3ms)[0m   [0mSHOW TABLES[0m
  [4;36;1mSQL (1.5ms)[0m   [0;1mSHOW FIELDS FROM `entries`[0m
  [4;35;1mSQL (1.6ms)[0m   [0mdescribe `entries`[0m
  [4;36;1mSQL (0.3ms)[0m   [0;1mSHOW KEYS FROM `entries`[0m
  [4;35;1mSQL (1.2ms)[0m   [0mSHOW FIELDS FROM `projects`[0m
  [4;36;1mSQL (2.0ms)[0m   [0;1mdescribe `projects`[0m
  [4;35;1mSQL (0.4ms)[0m   [0mSHOW KEYS FROM `projects`[0m
  [4;36;1mSQL (1.1ms)[0m   [0;1mSHOW FIELDS FROM `types`[0m
  [4;35;1mSQL (1.0ms)[0m   [0mdescribe `types`[0m
  [4;36;1mSQL (0.2ms)[0m   [0;1mSHOW KEYS FROM `types`[0m
  [4;35;1mSQL (1.2ms)[0m   [0mSHOW FIELDS FROM `workspaces`[0m
  [4;36;1mSQL (1.5ms)[0m   [0;1mdescribe `workspaces`[0m
  [4;35;1mSQL (0.3ms)[0m   [0mSHOW KEYS FROM `workspaces`[0m
  [4;36;1mSQL (1.1ms)[0m   [0;1mSHOW FIELDS FROM `workspaces_entries`[0m
  [4;35;1mSQL (1.0ms)[0m   [0mdescribe `workspaces_entries`[0m
  [4;36;1mSQL (0.2ms)[0m   [0;1mSHOW KEYS FROM `workspaces_entries`[0m
